# JRE version: Java(TM) SE Runtime Environment (8.0_181-b13) (build 1.8.0_181-b13)
# Java VM: Java HotSpot(TM) 64-Bit Server VM (25.181-b13 mixed mode windows-amd64 compressed oops)
Heap:
 PSYoungGen      total 209408K, used 38877K [0x00000000d5e00000, 0x00000000e7d80000, 0x0000000100000000)
  eden space 193536K, 11% used [0x00000000d5e00000,0x00000000d7477ce8,0x00000000e1b00000)
  from space 15872K, 99% used [0x00000000e1b00000,0x00000000e2a7f9f0,0x00000000e2a80000)
  to   space 19456K, 0% used [0x00000000e6a80000,0x00000000e6a80000,0x00000000e7d80000)
 ParOldGen       total 79872K, used 22648K [0x0000000081a00000, 0x0000000086800000, 0x00000000d5e00000)
  object space 79872K, 28% used [0x0000000081a00000,0x000000008301e390,0x0000000086800000)
 Metaspace       used 51990K, capacity 54210K, committed 54488K, reserved 1097728K
  class space    used 6689K, capacity 7063K, committed 7128K, reserved 1048576K
GC Heap History (10 events):
Event: 12.525 GC heap before
{Heap before GC invocations=7 (full 1):
 PSYoungGen      total 71680K, used 71655K [0x00000000d5e00000, 0x00000000de600000, 0x0000000100000000)
  eden space 66560K, 100% used [0x00000000d5e00000,0x00000000d9f00000,0x00000000d9f00000)
  from space 5120K, 99% used [0x00000000d9f00000,0x00000000da3f9d40,0x00000000da400000)
  to   space 11264K, 0% used [0x00000000ddb00000,0x00000000ddb00000,0x00000000de600000)
 ParOldGen       total 50688K, used 13013K [0x0000000081a00000, 0x0000000084b80000, 0x00000000d5e00000)
  object space 50688K, 25% used [0x0000000081a00000,0x00000000826b54d8,0x0000000084b80000)
 Metaspace       used 29820K, capacity 30648K, committed 30720K, reserved 1075200K
  class space    used 3863K, capacity 4060K, committed 4096K, reserved 1048576K
Event: 12.543 GC heap after
Heap after GC invocations=7 (full 1):
 PSYoungGen      total 125440K, used 11236K [0x00000000d5e00000, 0x00000000dec80000, 0x0000000100000000)
  eden space 114176K, 0% used [0x00000000d5e00000,0x00000000d5e00000,0x00000000dcd80000)
  from space 11264K, 99% used [0x00000000ddb00000,0x00000000de5f93b8,0x00000000de600000)
  to   space 13824K, 0% used [0x00000000dcd80000,0x00000000dcd80000,0x00000000ddb00000)
 ParOldGen       total 50688K, used 14559K [0x0000000081a00000, 0x0000000084b80000, 0x00000000d5e00000)
  object space 50688K, 28% used [0x0000000081a00000,0x0000000082837c68,0x0000000084b80000)
 Metaspace       used 29820K, capacity 30648K, committed 30720K, reserved 1075200K
  class space    used 3863K, capacity 4060K, committed 4096K, reserved 1048576K
}
Event: 13.811 GC heap before
{Heap before GC invocations=8 (full 1):
 PSYoungGen      total 125440K, used 104367K [0x00000000d5e00000, 0x00000000dec80000, 0x0000000100000000)
  eden space 114176K, 81% used [0x00000000d5e00000,0x00000000db8f2b48,0x00000000dcd80000)
  from space 11264K, 99% used [0x00000000ddb00000,0x00000000de5f93b8,0x00000000de600000)
  to   space 13824K, 0% used [0x00000000dcd80000,0x00000000dcd80000,0x00000000ddb00000)
 ParOldGen       total 50688K, used 14559K [0x0000000081a00000, 0x0000000084b80000, 0x00000000d5e00000)
  object space 50688K, 28% used [0x0000000081a00000,0x0000000082837c68,0x0000000084b80000)
 Metaspace       used 34073K, capacity 35300K, committed 35416K, reserved 1079296K
  class space    used 4375K, capacity 4636K, committed 4696K, reserved 1048576K
Event: 13.828 GC heap after
Heap after GC invocations=8 (full 1):
 PSYoungGen      total 128000K, used 13795K [0x00000000d5e00000, 0x00000000e4300000, 0x0000000100000000)
  eden space 114176K, 0% used [0x00000000d5e00000,0x00000000d5e00000,0x00000000dcd80000)
  from space 13824K, 99% used [0x00000000dcd80000,0x00000000ddaf8e48,0x00000000ddb00000)
  to   space 16384K, 0% used [0x00000000e3300000,0x00000000e3300000,0x00000000e4300000)
 ParOldGen       total 50688K, used 14925K [0x0000000081a00000, 0x0000000084b80000, 0x00000000d5e00000)
  object space 50688K, 29% used [0x0000000081a00000,0x0000000082893570,0x0000000084b80000)
 Metaspace       used 34073K, capacity 35300K, committed 35416K, reserved 1079296K
  class space    used 4375K, capacity 4636K, committed 4696K, reserved 1048576K
}
Event: 13.828 GC heap before
{Heap before GC invocations=9 (full 2):
 PSYoungGen      total 128000K, used 13795K [0x00000000d5e00000, 0x00000000e4300000, 0x0000000100000000)
  eden space 114176K, 0% used [0x00000000d5e00000,0x00000000d5e00000,0x00000000dcd80000)
  from space 13824K, 99% used [0x00000000dcd80000,0x00000000ddaf8e48,0x00000000ddb00000)
  to   space 16384K, 0% used [0x00000000e3300000,0x00000000e3300000,0x00000000e4300000)
 ParOldGen       total 50688K, used 14925K [0x0000000081a00000, 0x0000000084b80000, 0x00000000d5e00000)
  object space 50688K, 29% used [0x0000000081a00000,0x0000000082893570,0x0000000084b80000)
 Metaspace       used 34073K, capacity 35300K, committed 35416K, reserved 1079296K
  class space    used 4375K, capacity 4636K, committed 4696K, reserved 1048576K
Event: 13.905 GC heap after
Heap after GC invocations=9 (full 2):
 PSYoungGen      total 128000K, used 0K [0x00000000d5e00000, 0x00000000e4300000, 0x0000000100000000)
  eden space 114176K, 0% used [0x00000000d5e00000,0x00000000d5e00000,0x00000000dcd80000)
  from space 13824K, 0% used [0x00000000dcd80000,0x00000000dcd80000,0x00000000ddb00000)
  to   space 16384K, 0% used [0x00000000e3300000,0x00000000e3300000,0x00000000e4300000)
 ParOldGen       total 79872K, used 19648K [0x0000000081a00000, 0x0000000086800000, 0x00000000d5e00000)
  object space 79872K, 24% used [0x0000000081a00000,0x0000000082d301a0,0x0000000086800000)
 Metaspace       used 34073K, capacity 35300K, committed 35416K, reserved 1079296K
  class space    used 4375K, capacity 4636K, committed 4696K, reserved 1048576K
}
Event: 15.544 GC heap before
{Heap before GC invocations=10 (full 2):
 PSYoungGen      total 128000K, used 114176K [0x00000000d5e00000, 0x00000000e4300000, 0x0000000100000000)
  eden space 114176K, 100% used [0x00000000d5e00000,0x00000000dcd80000,0x00000000dcd80000)
  from space 13824K, 0% used [0x00000000dcd80000,0x00000000dcd80000,0x00000000ddb00000)
  to   space 16384K, 0% used [0x00000000e3300000,0x00000000e3300000,0x00000000e4300000)
 ParOldGen       total 79872K, used 19648K [0x0000000081a00000, 0x0000000086800000, 0x00000000d5e00000)
  object space 79872K, 24% used [0x0000000081a00000,0x0000000082d301a0,0x0000000086800000)
 Metaspace       used 37491K, capacity 39086K, committed 39256K, reserved 1083392K
  class space    used 4841K, capacity 5145K, committed 5208K, reserved 1048576K
Event: 15.571 GC heap after
Heap after GC invocations=10 (full 2):
 PSYoungGen      total 196096K, used 6837K [0x00000000d5e00000, 0x00000000e3a00000, 0x0000000100000000)
  eden space 188928K, 0% used [0x00000000d5e00000,0x00000000d5e00000,0x00000000e1680000)
  from space 7168K, 95% used [0x00000000e3300000,0x00000000e39ad550,0x00000000e3a00000)
  to   space 15872K, 0% used [0x00000000e1b00000,0x00000000e1b00000,0x00000000e2a80000)
 ParOldGen       total 79872K, used 19648K [0x0000000081a00000, 0x0000000086800000, 0x00000000d5e00000)
  object space 79872K, 24% used [0x0000000081a00000,0x0000000082d301a0,0x0000000086800000)
 Metaspace       used 37491K, capacity 39086K, committed 39256K, reserved 1083392K
  class space    used 4841K, capacity 5145K, committed 5208K, reserved 1048576K
}
Event: 225.578 GC heap before
{Heap before GC invocations=11 (full 2):
 PSYoungGen      total 196096K, used 195765K [0x00000000d5e00000, 0x00000000e3a00000, 0x0000000100000000)
  eden space 188928K, 100% used [0x00000000d5e00000,0x00000000e1680000,0x00000000e1680000)
  from space 7168K, 95% used [0x00000000e3300000,0x00000000e39ad550,0x00000000e3a00000)
  to   space 15872K, 0% used [0x00000000e1b00000,0x00000000e1b00000,0x00000000e2a80000)
 ParOldGen       total 79872K, used 19648K [0x0000000081a00000, 0x0000000086800000, 0x00000000d5e00000)
  object space 79872K, 24% used [0x0000000081a00000,0x0000000082d301a0,0x0000000086800000)
 Metaspace       used 50998K, capacity 53148K, committed 53336K, reserved 1095680K
  class space    used 6607K, capacity 6984K, committed 7000K, reserved 1048576K
Event: 225.612 GC heap after
Heap after GC invocations=11 (full 2):
 PSYoungGen      total 209408K, used 15870K [0x00000000d5e00000, 0x00000000e7d80000, 0x0000000100000000)
  eden space 193536K, 0% used [0x00000000d5e00000,0x00000000d5e00000,0x00000000e1b00000)
  from space 15872K, 99% used [0x00000000e1b00000,0x00000000e2a7f9f0,0x00000000e2a80000)
  to   space 19456K, 0% used [0x00000000e6a80000,0x00000000e6a80000,0x00000000e7d80000)
 ParOldGen       total 79872K, used 22648K [0x0000000081a00000, 0x0000000086800000, 0x00000000d5e00000)
  object space 79872K, 28% used [0x0000000081a00000,0x000000008301e390,0x0000000086800000)
 Metaspace       used 50998K, capacity 53148K, committed 53336K, reserved 1095680K
  class space    used 6607K, capacity 6984K, committed 7000K, reserved 1048576K
}

